# JRE version: OpenJDK Runtime Environment (21.0.4) (build 21.0.4+-12508038-b607.1)
# Java VM: OpenJDK 64-Bit Server VM (21.0.4+-12508038-b607.1, mixed mode, tiered, compressed oops, compressed class ptrs, g1 gc, windows-amd64)
GC Precious Log:
 CardTable entry size: 512
 Card Set container configuration: InlinePtr #cards 5 size 8 Array Of Cards #cards 12 size 40 Howl #buckets 4 coarsen threshold 1843 Howl Bitmap #cards 512 size 80 coarsen threshold 460 Card regions per heap region 1 cards per card region 2048
 CPUs: 8 total, 8 available
 Memory: 3818M
 Large Page Support: Disabled
 NUMA Support: Disabled
 Compressed Oops: Enabled (32-bit)
 Heap Region Size: 1M
 Heap Min Capacity: 8M
 Heap Initial Capacity: 60M
 Heap Max Capacity: 2G
 Pre-touch: Disabled
 Parallel Workers: 8
 Concurrent Workers: 2
 Concurrent Refinement Workers: 8
 Periodic GC: Disabled
Heap:
 garbage-first heap   total 294912K, used 167401K [0x0000000080000000, 0x0000000100000000)
  region size 1024K, 2 young (2048K), 2 survivors (2048K)
 Metaspace       used 58522K, committed 60032K, reserved 1114112K
  class space    used 7956K, committed 8704K, reserved 1048576K
GC Heap History (20 events):
Event: 22.302 GC heap after
{Heap after GC invocations=28 (full 0):
 garbage-first heap   total 147456K, used 75764K [0x0000000080000000, 0x0000000100000000)
  region size 1024K, 2 young (2048K), 2 survivors (2048K)
 Metaspace       used 57061K, committed 58560K, reserved 1114112K
  class space    used 7845K, committed 8576K, reserved 1048576K
}
Event: 22.461 GC heap before
{Heap before GC invocations=29 (full 0):
 garbage-first heap   total 147456K, used 118772K [0x0000000080000000, 0x0000000100000000)
  region size 1024K, 45 young (46080K), 2 survivors (2048K)
 Metaspace       used 57755K, committed 59200K, reserved 1114112K
  class space    used 7930K, committed 8640K, reserved 1048576K
}
Event: 22.477 GC heap after
{Heap after GC invocations=30 (full 0):
 garbage-first heap   total 147456K, used 91764K [0x0000000080000000, 0x0000000100000000)
  region size 1024K, 6 young (6144K), 6 survivors (6144K)
 Metaspace       used 57755K, committed 59200K, reserved 1114112K
  class space    used 7930K, committed 8640K, reserved 1048576K
}
Event: 22.570 GC heap before
{Heap before GC invocations=30 (full 0):
 garbage-first heap   total 147456K, used 121460K [0x0000000080000000, 0x0000000100000000)
  region size 1024K, 36 young (36864K), 6 survivors (6144K)
 Metaspace       used 57982K, committed 59456K, reserved 1114112K
  class space    used 7955K, committed 8704K, reserved 1048576K
}
Event: 22.588 GC heap after
{Heap after GC invocations=31 (full 0):
 garbage-first heap   total 147456K, used 98511K [0x0000000080000000, 0x0000000100000000)
  region size 1024K, 5 young (5120K), 5 survivors (5120K)
 Metaspace       used 57982K, committed 59456K, reserved 1114112K
  class space    used 7955K, committed 8704K, reserved 1048576K
}
Event: 22.675 GC heap before
{Heap before GC invocations=31 (full 0):
 garbage-first heap   total 147456K, used 126159K [0x0000000080000000, 0x0000000100000000)
  region size 1024K, 33 young (33792K), 5 survivors (5120K)
 Metaspace       used 58069K, committed 59584K, reserved 1114112K
  class space    used 7956K, committed 8704K, reserved 1048576K
}
Event: 22.683 GC heap after
{Heap after GC invocations=32 (full 0):
 garbage-first heap   total 147456K, used 104273K [0x0000000080000000, 0x0000000100000000)
  region size 1024K, 5 young (5120K), 5 survivors (5120K)
 Metaspace       used 58069K, committed 59584K, reserved 1114112K
  class space    used 7956K, committed 8704K, reserved 1048576K
}
Event: 22.770 GC heap before
{Heap before GC invocations=32 (full 0):
 garbage-first heap   total 147456K, used 131921K [0x0000000080000000, 0x0000000100000000)
  region size 1024K, 30 young (30720K), 5 survivors (5120K)
 Metaspace       used 58168K, committed 59712K, reserved 1114112K
  class space    used 7956K, committed 8704K, reserved 1048576K
}
Event: 22.787 GC heap after
{Heap after GC invocations=33 (full 0):
 garbage-first heap   total 294912K, used 111426K [0x0000000080000000, 0x0000000100000000)
  region size 1024K, 4 young (4096K), 4 survivors (4096K)
 Metaspace       used 58168K, committed 59712K, reserved 1114112K
  class space    used 7956K, committed 8704K, reserved 1048576K
}
Event: 23.155 GC heap before
{Heap before GC invocations=34 (full 0):
 garbage-first heap   total 294912K, used 190274K [0x0000000080000000, 0x0000000100000000)
  region size 1024K, 84 young (86016K), 4 survivors (4096K)
 Metaspace       used 58319K, committed 59840K, reserved 1114112K
  class space    used 7955K, committed 8704K, reserved 1048576K
}
Event: 23.178 GC heap after
{Heap after GC invocations=35 (full 0):
 garbage-first heap   total 294912K, used 121503K [0x0000000080000000, 0x0000000100000000)
  region size 1024K, 11 young (11264K), 11 survivors (11264K)
 Metaspace       used 58319K, committed 59840K, reserved 1114112K
  class space    used 7955K, committed 8704K, reserved 1048576K
}
Event: 23.504 GC heap before
{Heap before GC invocations=35 (full 0):
 garbage-first heap   total 294912K, used 220831K [0x0000000080000000, 0x0000000100000000)
  region size 1024K, 109 young (111616K), 11 survivors (11264K)
 Metaspace       used 58379K, committed 59840K, reserved 1114112K
  class space    used 7955K, committed 8704K, reserved 1048576K
}
Event: 23.671 GC heap after
{Heap after GC invocations=36 (full 0):
 garbage-first heap   total 294912K, used 137216K [0x0000000080000000, 0x0000000100000000)
  region size 1024K, 14 young (14336K), 14 survivors (14336K)
 Metaspace       used 58379K, committed 59840K, reserved 1114112K
  class space    used 7955K, committed 8704K, reserved 1048576K
}
Event: 23.742 GC heap before
{Heap before GC invocations=36 (full 0):
 garbage-first heap   total 294912K, used 158720K [0x0000000080000000, 0x0000000100000000)
  region size 1024K, 37 young (37888K), 14 survivors (14336K)
 Metaspace       used 58389K, committed 59840K, reserved 1114112K
  class space    used 7955K, committed 8704K, reserved 1048576K
}
Event: 23.764 GC heap after
{Heap after GC invocations=37 (full 0):
 garbage-first heap   total 294912K, used 143360K [0x0000000080000000, 0x0000000100000000)
  region size 1024K, 5 young (5120K), 5 survivors (5120K)
 Metaspace       used 58389K, committed 59840K, reserved 1114112K
  class space    used 7955K, committed 8704K, reserved 1048576K
}
Event: 24.377 GC heap before
{Heap before GC invocations=38 (full 0):
 garbage-first heap   total 294912K, used 231424K [0x0000000080000000, 0x0000000100000000)
  region size 1024K, 93 young (95232K), 5 survivors (5120K)
 Metaspace       used 58416K, committed 59904K, reserved 1114112K
  class space    used 7955K, committed 8704K, reserved 1048576K
}
Event: 24.413 GC heap after
{Heap after GC invocations=39 (full 0):
 garbage-first heap   total 294912K, used 157184K [0x0000000080000000, 0x0000000100000000)
  region size 1024K, 12 young (12288K), 12 survivors (12288K)
 Metaspace       used 58416K, committed 59904K, reserved 1114112K
  class space    used 7955K, committed 8704K, reserved 1048576K
}
Event: 24.755 GC heap before
{Heap before GC invocations=39 (full 0):
 garbage-first heap   total 294912K, used 251392K [0x0000000080000000, 0x0000000100000000)
  region size 1024K, 96 young (98304K), 12 survivors (12288K)
 Metaspace       used 58451K, committed 59904K, reserved 1114112K
  class space    used 7956K, committed 8704K, reserved 1048576K
}
Event: 24.787 GC heap after
{Heap after GC invocations=40 (full 0):
 garbage-first heap   total 294912K, used 163840K [0x0000000080000000, 0x0000000100000000)
  region size 1024K, 12 young (12288K), 12 survivors (12288K)
 Metaspace       used 58451K, committed 59904K, reserved 1114112K
  class space    used 7956K, committed 8704K, reserved 1048576K
}
Event: 25.134 GC heap before
{Heap before GC invocations=40 (full 0):
 garbage-first heap   total 294912K, used 245760K [0x0000000080000000, 0x0000000100000000)
  region size 1024K, 92 young (94208K), 12 survivors (12288K)
 Metaspace       used 58522K, committed 60032K, reserved 1114112K
  class space    used 7956K, committed 8704K, reserved 1048576K
}

