# JRE version: OpenJDK Runtime Environment (21.0.4) (build 21.0.4+-12508038-b607.1)
# Java VM: OpenJDK 64-Bit Server VM (21.0.4+-12508038-b607.1, mixed mode, tiered, compressed oops, compressed class ptrs, g1 gc, windows-amd64)
GC Precious Log:
 CardTable entry size: 512
 Card Set container configuration: InlinePtr #cards 5 size 8 Array Of Cards #cards 12 size 40 Howl #buckets 4 coarsen threshold 1843 Howl Bitmap #cards 512 size 80 coarsen threshold 460 Card regions per heap region 1 cards per card region 2048
 CPUs: 8 total, 8 available
 Memory: 3818M
 Large Page Support: Disabled
 NUMA Support: Disabled
 Compressed Oops: Enabled (32-bit)
 Heap Region Size: 1M
 Heap Min Capacity: 8M
 Heap Initial Capacity: 60M
 Heap Max Capacity: 2G
 Pre-touch: Disabled
 Parallel Workers: 8
 Concurrent Workers: 2
 Concurrent Refinement Workers: 8
 Periodic GC: Disabled
Heap:
 garbage-first heap   total 278528K, used 180736K [0x0000000080000000, 0x0000000100000000)
  region size 1024K, 7 young (7168K), 7 survivors (7168K)
 Metaspace       used 64257K, committed 65792K, reserved 1114112K
  class space    used 8650K, committed 9408K, reserved 1048576K
GC Heap History (20 events):
Event: 35.063 GC heap after
{Heap after GC invocations=51 (full 0):
 garbage-first heap   total 184320K, used 84113K [0x0000000080000000, 0x0000000100000000)
  region size 1024K, 8 young (8192K), 8 survivors (8192K)
 Metaspace       used 63455K, committed 65024K, reserved 1114112K
  class space    used 8586K, committed 9344K, reserved 1048576K
}
Event: 36.786 GC heap before
{Heap before GC invocations=51 (full 0):
 garbage-first heap   total 184320K, used 168081K [0x0000000080000000, 0x0000000100000000)
  region size 1024K, 88 young (90112K), 8 survivors (8192K)
 Metaspace       used 63585K, committed 65088K, reserved 1114112K
  class space    used 8605K, committed 9344K, reserved 1048576K
}
Event: 36.794 GC heap after
{Heap after GC invocations=52 (full 0):
 garbage-first heap   total 221184K, used 77233K [0x0000000080000000, 0x0000000100000000)
  region size 1024K, 2 young (2048K), 2 survivors (2048K)
 Metaspace       used 63585K, committed 65088K, reserved 1114112K
  class space    used 8605K, committed 9344K, reserved 1048576K
}
Event: 37.103 GC heap before
{Heap before GC invocations=52 (full 0):
 garbage-first heap   total 221184K, used 206257K [0x0000000080000000, 0x0000000100000000)
  region size 1024K, 128 young (131072K), 2 survivors (2048K)
 Metaspace       used 63585K, committed 65088K, reserved 1114112K
  class space    used 8605K, committed 9344K, reserved 1048576K
}
Event: 37.106 GC heap after
{Heap after GC invocations=53 (full 0):
 garbage-first heap   total 221184K, used 78850K [0x0000000080000000, 0x0000000100000000)
  region size 1024K, 4 young (4096K), 4 survivors (4096K)
 Metaspace       used 63585K, committed 65088K, reserved 1114112K
  class space    used 8605K, committed 9344K, reserved 1048576K
}
Event: 37.287 GC heap before
{Heap before GC invocations=53 (full 0):
 garbage-first heap   total 221184K, used 107522K [0x0000000080000000, 0x0000000100000000)
  region size 1024K, 33 young (33792K), 4 survivors (4096K)
 Metaspace       used 63626K, committed 65088K, reserved 1114112K
  class space    used 8608K, committed 9344K, reserved 1048576K
}
Event: 37.290 GC heap after
{Heap after GC invocations=54 (full 0):
 garbage-first heap   total 221184K, used 74413K [0x0000000080000000, 0x0000000100000000)
  region size 1024K, 1 young (1024K), 1 survivors (1024K)
 Metaspace       used 63626K, committed 65088K, reserved 1114112K
  class space    used 8608K, committed 9344K, reserved 1048576K
}
Event: 38.033 GC heap before
{Heap before GC invocations=55 (full 0):
 garbage-first heap   total 221184K, used 207533K [0x0000000080000000, 0x0000000100000000)
  region size 1024K, 129 young (132096K), 1 survivors (1024K)
 Metaspace       used 63986K, committed 65536K, reserved 1114112K
  class space    used 8647K, committed 9408K, reserved 1048576K
}
Event: 38.041 GC heap after
{Heap after GC invocations=56 (full 0):
 garbage-first heap   total 221184K, used 79706K [0x0000000080000000, 0x0000000100000000)
  region size 1024K, 4 young (4096K), 4 survivors (4096K)
 Metaspace       used 63986K, committed 65536K, reserved 1114112K
  class space    used 8647K, committed 9408K, reserved 1048576K
}
Event: 38.635 GC heap before
{Heap before GC invocations=56 (full 0):
 garbage-first heap   total 221184K, used 209754K [0x0000000080000000, 0x0000000100000000)
  region size 1024K, 126 young (129024K), 4 survivors (4096K)
 Metaspace       used 64145K, committed 65664K, reserved 1114112K
  class space    used 8655K, committed 9408K, reserved 1048576K
}
Event: 38.664 GC heap after
{Heap after GC invocations=57 (full 0):
 garbage-first heap   total 223232K, used 91306K [0x0000000080000000, 0x0000000100000000)
  region size 1024K, 11 young (11264K), 11 survivors (11264K)
 Metaspace       used 64145K, committed 65664K, reserved 1114112K
  class space    used 8655K, committed 9408K, reserved 1048576K
}
Event: 39.169 GC heap before
{Heap before GC invocations=57 (full 0):
 garbage-first heap   total 223232K, used 198826K [0x0000000080000000, 0x0000000100000000)
  region size 1024K, 116 young (118784K), 11 survivors (11264K)
 Metaspace       used 64149K, committed 65664K, reserved 1114112K
  class space    used 8655K, committed 9408K, reserved 1048576K
}
Event: 39.180 GC heap after
{Heap after GC invocations=58 (full 0):
 garbage-first heap   total 223232K, used 97715K [0x0000000080000000, 0x0000000100000000)
  region size 1024K, 13 young (13312K), 13 survivors (13312K)
 Metaspace       used 64149K, committed 65664K, reserved 1114112K
  class space    used 8655K, committed 9408K, reserved 1048576K
}
Event: 39.389 GC heap before
{Heap before GC invocations=59 (full 0):
 garbage-first heap   total 223232K, used 197043K [0x0000000080000000, 0x0000000100000000)
  region size 1024K, 110 young (112640K), 13 survivors (13312K)
 Metaspace       used 64149K, committed 65664K, reserved 1114112K
  class space    used 8655K, committed 9408K, reserved 1048576K
}
Event: 39.399 GC heap after
{Heap after GC invocations=60 (full 0):
 garbage-first heap   total 223232K, used 102445K [0x0000000080000000, 0x0000000100000000)
  region size 1024K, 11 young (11264K), 11 survivors (11264K)
 Metaspace       used 64149K, committed 65664K, reserved 1114112K
  class space    used 8655K, committed 9408K, reserved 1048576K
}
Event: 39.784 GC heap before
{Heap before GC invocations=60 (full 0):
 garbage-first heap   total 223232K, used 203821K [0x0000000080000000, 0x0000000100000000)
  region size 1024K, 105 young (107520K), 11 survivors (11264K)
 Metaspace       used 64190K, committed 65728K, reserved 1114112K
  class space    used 8656K, committed 9408K, reserved 1048576K
}
Event: 39.905 GC heap after
{Heap after GC invocations=61 (full 0):
 garbage-first heap   total 271360K, used 155136K [0x0000000080000000, 0x0000000100000000)
  region size 1024K, 14 young (14336K), 14 survivors (14336K)
 Metaspace       used 64190K, committed 65728K, reserved 1114112K
  class space    used 8656K, committed 9408K, reserved 1048576K
}
Event: 40.065 GC heap before
{Heap before GC invocations=61 (full 0):
 garbage-first heap   total 271360K, used 194048K [0x0000000080000000, 0x0000000100000000)
  region size 1024K, 53 young (54272K), 14 survivors (14336K)
 Metaspace       used 64229K, committed 65728K, reserved 1114112K
  class space    used 8656K, committed 9408K, reserved 1048576K
}
Event: 40.098 GC heap after
{Heap after GC invocations=62 (full 0):
 garbage-first heap   total 271360K, used 175616K [0x0000000080000000, 0x0000000100000000)
  region size 1024K, 10 young (10240K), 10 survivors (10240K)
 Metaspace       used 64229K, committed 65728K, reserved 1114112K
  class space    used 8656K, committed 9408K, reserved 1048576K
}
Event: 40.621 GC heap before
{Heap before GC invocations=62 (full 0):
 garbage-first heap   total 278528K, used 211456K [0x0000000080000000, 0x0000000100000000)
  region size 1024K, 55 young (56320K), 10 survivors (10240K)
 Metaspace       used 64257K, committed 65792K, reserved 1114112K
  class space    used 8650K, committed 9408K, reserved 1048576K
}

