# JRE version: OpenJDK Runtime Environment (21.0.4) (build 21.0.4+-12508038-b607.1)
# Java VM: OpenJDK 64-Bit Server VM (21.0.4+-12508038-b607.1, mixed mode, tiered, compressed oops, compressed class ptrs, g1 gc, windows-amd64)
GC Precious Log:
 CardTable entry size: 512
 Card Set container configuration: InlinePtr #cards 5 size 8 Array Of Cards #cards 12 size 40 Howl #buckets 4 coarsen threshold 1843 Howl Bitmap #cards 512 size 80 coarsen threshold 460 Card regions per heap region 1 cards per card region 2048
 CPUs: 8 total, 8 available
 Memory: 3818M
 Large Page Support: Disabled
 NUMA Support: Disabled
 Compressed Oops: Enabled (32-bit)
 Heap Region Size: 1M
 Heap Min Capacity: 8M
 Heap Initial Capacity: 60M
 Heap Max Capacity: 2G
 Pre-touch: Disabled
 Parallel Workers: 8
 Concurrent Workers: 2
 Concurrent Refinement Workers: 8
 Periodic GC: Disabled
Heap:
 garbage-first heap   total 271360K, used 160543K [0x0000000080000000, 0x0000000100000000)
  region size 1024K, 4 young (4096K), 4 survivors (4096K)
 Metaspace       used 75281K, committed 77056K, reserved 1179648K
  class space    used 10255K, committed 11136K, reserved 1048576K
GC Heap History (20 events):
Event: 52.791 GC heap after
{Heap after GC invocations=63 (full 0):
 garbage-first heap   total 196608K, used 126800K [0x0000000080000000, 0x0000000100000000)
  region size 1024K, 8 young (8192K), 8 survivors (8192K)
 Metaspace       used 73702K, committed 75456K, reserved 1114112K
  class space    used 10093K, committed 11008K, reserved 1048576K
}
Event: 54.821 GC heap before
{Heap before GC invocations=63 (full 0):
 garbage-first heap   total 196608K, used 175952K [0x0000000080000000, 0x0000000100000000)
  region size 1024K, 57 young (58368K), 8 survivors (8192K)
 Metaspace       used 73738K, committed 75520K, reserved 1114112K
  class space    used 10095K, committed 11008K, reserved 1048576K
}
Event: 54.831 GC heap after
{Heap after GC invocations=64 (full 0):
 garbage-first heap   total 196608K, used 129393K [0x0000000080000000, 0x0000000100000000)
  region size 1024K, 3 young (3072K), 3 survivors (3072K)
 Metaspace       used 73738K, committed 75520K, reserved 1114112K
  class space    used 10095K, committed 11008K, reserved 1048576K
}
Event: 56.475 GC heap before
{Heap before GC invocations=64 (full 0):
 garbage-first heap   total 196608K, used 180592K [0x0000000080000000, 0x0000000100000000)
  region size 1024K, 54 young (55296K), 3 survivors (3072K)
 Metaspace       used 73814K, committed 75648K, reserved 1114112K
  class space    used 10103K, committed 11008K, reserved 1048576K
}
Event: 56.488 GC heap after
{Heap after GC invocations=65 (full 0):
 garbage-first heap   total 196608K, used 139933K [0x0000000080000000, 0x0000000100000000)
  region size 1024K, 7 young (7168K), 7 survivors (7168K)
 Metaspace       used 73814K, committed 75648K, reserved 1114112K
  class space    used 10103K, committed 11008K, reserved 1048576K
}
Event: 58.025 GC heap before
{Heap before GC invocations=66 (full 0):
 garbage-first heap   total 230400K, used 174749K [0x0000000080000000, 0x0000000100000000)
  region size 1024K, 43 young (44032K), 7 survivors (7168K)
 Metaspace       used 73817K, committed 75648K, reserved 1114112K
  class space    used 10103K, committed 11008K, reserved 1048576K
}
Event: 58.050 GC heap after
{Heap after GC invocations=67 (full 0):
 garbage-first heap   total 230400K, used 153576K [0x0000000080000000, 0x0000000100000000)
  region size 1024K, 6 young (6144K), 6 survivors (6144K)
 Metaspace       used 73817K, committed 75648K, reserved 1114112K
  class space    used 10103K, committed 11008K, reserved 1048576K
}
Event: 60.445 GC heap before
{Heap before GC invocations=67 (full 0):
 garbage-first heap   total 230400K, used 202728K [0x0000000080000000, 0x0000000100000000)
  region size 1024K, 53 young (54272K), 6 survivors (6144K)
 Metaspace       used 74790K, committed 76608K, reserved 1179648K
  class space    used 10235K, committed 11136K, reserved 1048576K
}
Event: 60.490 GC heap after
{Heap after GC invocations=68 (full 0):
 garbage-first heap   total 230400K, used 161378K [0x0000000080000000, 0x0000000100000000)
  region size 1024K, 7 young (7168K), 7 survivors (7168K)
 Metaspace       used 74790K, committed 76608K, reserved 1179648K
  class space    used 10235K, committed 11136K, reserved 1048576K
}
Event: 60.846 GC heap before
{Heap before GC invocations=68 (full 0):
 garbage-first heap   total 230400K, used 204386K [0x0000000080000000, 0x0000000100000000)
  region size 1024K, 50 young (51200K), 7 survivors (7168K)
 Metaspace       used 75045K, committed 76800K, reserved 1179648K
  class space    used 10254K, committed 11136K, reserved 1048576K
}
Event: 60.984 GC heap after
{Heap after GC invocations=69 (full 0):
 garbage-first heap   total 230400K, used 163283K [0x0000000080000000, 0x0000000100000000)
  region size 1024K, 2 young (2048K), 2 survivors (2048K)
 Metaspace       used 75045K, committed 76800K, reserved 1179648K
  class space    used 10254K, committed 11136K, reserved 1048576K
}
Event: 61.200 GC heap before
{Heap before GC invocations=69 (full 0):
 garbage-first heap   total 230400K, used 208339K [0x0000000080000000, 0x0000000100000000)
  region size 1024K, 47 young (48128K), 2 survivors (2048K)
 Metaspace       used 75085K, committed 76864K, reserved 1179648K
  class space    used 10254K, committed 11136K, reserved 1048576K
}
Event: 61.217 GC heap after
{Heap after GC invocations=70 (full 0):
 garbage-first heap   total 230400K, used 162911K [0x0000000080000000, 0x0000000100000000)
  region size 1024K, 2 young (2048K), 2 survivors (2048K)
 Metaspace       used 75085K, committed 76864K, reserved 1179648K
  class space    used 10254K, committed 11136K, reserved 1048576K
}
Event: 61.529 GC heap before
{Heap before GC invocations=70 (full 0):
 garbage-first heap   total 230400K, used 211039K [0x0000000080000000, 0x0000000100000000)
  region size 1024K, 49 young (50176K), 2 survivors (2048K)
 Metaspace       used 75142K, committed 76864K, reserved 1179648K
  class space    used 10255K, committed 11136K, reserved 1048576K
}
Event: 61.532 GC heap after
{Heap after GC invocations=71 (full 0):
 garbage-first heap   total 230400K, used 163411K [0x0000000080000000, 0x0000000100000000)
  region size 1024K, 2 young (2048K), 2 survivors (2048K)
 Metaspace       used 75142K, committed 76864K, reserved 1179648K
  class space    used 10255K, committed 11136K, reserved 1048576K
}
Event: 61.880 GC heap before
{Heap before GC invocations=72 (full 0):
 garbage-first heap   total 271360K, used 211539K [0x0000000080000000, 0x0000000100000000)
  region size 1024K, 51 young (52224K), 2 survivors (2048K)
 Metaspace       used 75160K, committed 76928K, reserved 1179648K
  class space    used 10255K, committed 11136K, reserved 1048576K
}
Event: 61.884 GC heap after
{Heap after GC invocations=73 (full 0):
 garbage-first heap   total 271360K, used 162411K [0x0000000080000000, 0x0000000100000000)
  region size 1024K, 2 young (2048K), 2 survivors (2048K)
 Metaspace       used 75160K, committed 76928K, reserved 1179648K
  class space    used 10255K, committed 11136K, reserved 1048576K
}
Event: 62.331 GC heap before
{Heap before GC invocations=73 (full 0):
 garbage-first heap   total 271360K, used 249451K [0x0000000080000000, 0x0000000100000000)
  region size 1024K, 88 young (90112K), 2 survivors (2048K)
 Metaspace       used 75209K, committed 76992K, reserved 1179648K
  class space    used 10255K, committed 11136K, reserved 1048576K
}
Event: 62.365 GC heap after
{Heap after GC invocations=74 (full 0):
 garbage-first heap   total 271360K, used 159896K [0x0000000080000000, 0x0000000100000000)
  region size 1024K, 3 young (3072K), 3 survivors (3072K)
 Metaspace       used 75209K, committed 76992K, reserved 1179648K
  class space    used 10255K, committed 11136K, reserved 1048576K
}
Event: 63.024 GC heap before
{Heap before GC invocations=74 (full 0):
 garbage-first heap   total 271360K, used 253080K [0x0000000080000000, 0x0000000100000000)
  region size 1024K, 94 young (96256K), 3 survivors (3072K)
 Metaspace       used 75281K, committed 77056K, reserved 1179648K
  class space    used 10255K, committed 11136K, reserved 1048576K
}

